[debug] [2020-07-03T01:55:29.365Z] ----------------------------------------------------------------------
[debug] [2020-07-03T01:55:29.366Z] Command:       /usr/local/bin/node /usr/local/bin/firebase deploy
[debug] [2020-07-03T01:55:29.366Z] CLI Version:   8.4.3
[debug] [2020-07-03T01:55:29.366Z] Platform:      darwin
[debug] [2020-07-03T01:55:29.366Z] Node Version:  v12.16.2
[debug] [2020-07-03T01:55:29.367Z] Time:          Thu Jul 02 2020 21:55:29 GMT-0400 (Eastern Daylight Time)
[debug] [2020-07-03T01:55:29.367Z] ----------------------------------------------------------------------
[debug] [2020-07-03T01:55:29.367Z] 
[debug] [2020-07-03T01:55:29.373Z] > command requires scopes: ["email","openid","https://www.googleapis.com/auth/cloudplatformprojects.readonly","https://www.googleapis.com/auth/firebase","https://www.googleapis.com/auth/cloud-platform"]
[debug] [2020-07-03T01:55:29.374Z] > authorizing via signed-in user
[debug] [2020-07-03T01:55:29.374Z] [iam] checking project co-learn-a05d9 for permissions ["cloudfunctions.functions.create","cloudfunctions.functions.delete","cloudfunctions.functions.get","cloudfunctions.functions.list","cloudfunctions.functions.update","cloudfunctions.operations.get","firebase.projects.get","firebasedatabase.instances.update","firebasehosting.sites.update"]
[debug] [2020-07-03T01:55:29.375Z] >>> HTTP REQUEST POST https://cloudresourcemanager.googleapis.com/v1/projects/co-learn-a05d9:testIamPermissions  
 {"permissions":["cloudfunctions.functions.create","cloudfunctions.functions.delete","cloudfunctions.functions.get","cloudfunctions.functions.list","cloudfunctions.functions.update","cloudfunctions.operations.get","firebase.projects.get","firebasedatabase.instances.update","firebasehosting.sites.update"]}
[debug] [2020-07-03T01:55:29.580Z] <<< HTTP RESPONSE 200 {"content-type":"application/json; charset=UTF-8","vary":"X-Origin, Referer, Origin,Accept-Encoding","date":"Fri, 03 Jul 2020 01:55:29 GMT","server":"ESF","cache-control":"private","x-xss-protection":"0","x-frame-options":"SAMEORIGIN","x-content-type-options":"nosniff","server-timing":"gfet4t7; dur=146","alt-svc":"h3-27=\":443\"; ma=2592000,h3-25=\":443\"; ma=2592000,h3-T050=\":443\"; ma=2592000,h3-Q050=\":443\"; ma=2592000,h3-Q046=\":443\"; ma=2592000,h3-Q043=\":443\"; ma=2592000,quic=\":443\"; ma=2592000; v=\"46,43\"","accept-ranges":"none","transfer-encoding":"chunked"}
[debug] [2020-07-03T01:55:29.581Z] >>> HTTP REQUEST POST https://iam.googleapis.com/v1/projects/co-learn-a05d9/serviceAccounts/co-learn-a05d9@appspot.gserviceaccount.com:testIamPermissions  
 {"permissions":["iam.serviceAccounts.actAs"]}
[debug] [2020-07-03T01:55:29.773Z] <<< HTTP RESPONSE 200 {"content-type":"application/json; charset=UTF-8","vary":"X-Origin, Referer, Origin,Accept-Encoding","date":"Fri, 03 Jul 2020 01:55:29 GMT","server":"ESF","cache-control":"private","x-xss-protection":"0","x-frame-options":"SAMEORIGIN","x-content-type-options":"nosniff","alt-svc":"h3-29=\":443\"; ma=2592000,h3-27=\":443\"; ma=2592000,h3-25=\":443\"; ma=2592000,h3-T050=\":443\"; ma=2592000,h3-Q050=\":443\"; ma=2592000,h3-Q046=\":443\"; ma=2592000,h3-Q043=\":443\"; ma=2592000,quic=\":443\"; ma=2592000; v=\"46,43\"","accept-ranges":"none","transfer-encoding":"chunked"}
[debug] [2020-07-03T01:55:29.776Z] >>> HTTP REQUEST GET https://firebase.googleapis.com/v1beta1/projects/co-learn-a05d9  
 
[debug] [2020-07-03T01:55:29.989Z] <<< HTTP RESPONSE 200 {"content-type":"application/json; charset=UTF-8","vary":"X-Origin, Referer, Origin,Accept-Encoding","date":"Fri, 03 Jul 2020 01:55:29 GMT","server":"ESF","cache-control":"private","x-xss-protection":"0","x-frame-options":"SAMEORIGIN","x-content-type-options":"nosniff","alt-svc":"h3-29=\":443\"; ma=2592000,h3-27=\":443\"; ma=2592000,h3-25=\":443\"; ma=2592000,h3-T050=\":443\"; ma=2592000,h3-Q050=\":443\"; ma=2592000,h3-Q046=\":443\"; ma=2592000,h3-Q043=\":443\"; ma=2592000,quic=\":443\"; ma=2592000; v=\"46,43\"","accept-ranges":"none","transfer-encoding":"chunked"}
[info] 
[info] === Deploying to 'co-learn-a05d9'...
[info] 
[info] i  deploying database, functions, hosting 
[info] i  database: checking rules syntax... 
[debug] [2020-07-03T01:55:31.486Z] >>> HTTP REQUEST PUT https://co-learn-a05d9.firebaseio.com/.settings/rules.json?dryRun=true  
 {
  /* Visit https://firebase.google.com/docs/database/security to learn more about security rules. */
  "rules": {
    ".read": false,
    ".write": false
  }
}
[debug] [2020-07-03T01:55:31.779Z] <<< HTTP RESPONSE 200 {"server":"nginx","date":"Fri, 03 Jul 2020 01:55:31 GMT","content-type":"application/json; charset=utf-8","content-length":"15","connection":"keep-alive","access-control-allow-origin":"*","cache-control":"no-cache","strict-transport-security":"max-age=31556926; includeSubDomains; preload"}
[info] ✔  database: rules syntax for database co-learn-a05d9 is valid 
[debug] [2020-07-03T01:55:31.780Z] > [functions] package.json contents: {
  "name": "functions",
  "description": "Cloud Functions for Firebase",
  "scripts": {
    "serve": "firebase emulators:start --only functions",
    "shell": "firebase functions:shell",
    "start": "npm run shell",
    "deploy": "firebase deploy --only functions",
    "logs": "firebase functions:log"
  },
  "engines": {
    "node": "10"
  },
  "dependencies": {
    "cors": "^2.8.5",
    "express": "^4.17.1",
    "express-rate-limit": "^5.1.3",
    "firebase-admin": "^8.10.0",
    "firebase-functions": "^3.6.1",
    "mysql": "^2.18.1",
    "nodemailer": "^6.4.10",
    "nodemon": "^2.0.4",
    "random-words": "^1.1.1",
    "secure-random-string": "^1.1.3",
    "socket-io": "^1.0.0",
    "socket.io": "^2.3.0",
    "sqlite3": "^4.2.0",
    "superb": "git+https://github.com/th3pi/superb.git",
    "yes-no-words": "git+https://github.com/th3pi/yes-no-words.git"
  },
  "devDependencies": {
    "firebase-functions-test": "^0.2.0"
  },
  "private": true
}
[info] i  functions: ensuring required API cloudfunctions.googleapis.com is enabled... 
[debug] [2020-07-03T01:55:32.650Z] [functions] runtime dependency check dates: warning: 2020-05-21T00:00:00.000Z error: 2020-07-09T00:00:00.000Z
[info] i  functions: ensuring required API cloudbuild.googleapis.com is enabled... 
[debug] [2020-07-03T01:55:32.650Z] >>> HTTP REQUEST GET https://serviceusage.googleapis.com/v1/projects/co-learn-a05d9/services/cloudfunctions.googleapis.com  
 
[debug] [2020-07-03T01:55:32.650Z] >>> HTTP REQUEST GET https://serviceusage.googleapis.com/v1/projects/co-learn-a05d9/services/runtimeconfig.googleapis.com  
 
[debug] [2020-07-03T01:55:32.650Z] >>> HTTP REQUEST GET https://serviceusage.googleapis.com/v1/projects/co-learn-a05d9/services/cloudbuild.googleapis.com  
 
[debug] [2020-07-03T01:55:32.964Z] <<< HTTP RESPONSE 200 {"content-type":"application/json; charset=UTF-8","vary":"X-Origin, Referer, Origin,Accept-Encoding","date":"Fri, 03 Jul 2020 01:55:32 GMT","server":"ESF","cache-control":"private","x-xss-protection":"0","x-frame-options":"SAMEORIGIN","x-content-type-options":"nosniff","alt-svc":"h3-29=\":443\"; ma=2592000,h3-27=\":443\"; ma=2592000,h3-25=\":443\"; ma=2592000,h3-T050=\":443\"; ma=2592000,h3-Q050=\":443\"; ma=2592000,h3-Q046=\":443\"; ma=2592000,h3-Q043=\":443\"; ma=2592000,quic=\":443\"; ma=2592000; v=\"46,43\"","accept-ranges":"none","transfer-encoding":"chunked"}
[debug] [2020-07-03T01:55:32.977Z] <<< HTTP RESPONSE 200 {"content-type":"application/json; charset=UTF-8","vary":"X-Origin, Referer, Origin,Accept-Encoding","date":"Fri, 03 Jul 2020 01:55:32 GMT","server":"ESF","cache-control":"private","x-xss-protection":"0","x-frame-options":"SAMEORIGIN","x-content-type-options":"nosniff","alt-svc":"h3-29=\":443\"; ma=2592000,h3-27=\":443\"; ma=2592000,h3-25=\":443\"; ma=2592000,h3-T050=\":443\"; ma=2592000,h3-Q050=\":443\"; ma=2592000,h3-Q046=\":443\"; ma=2592000,h3-Q043=\":443\"; ma=2592000,quic=\":443\"; ma=2592000; v=\"46,43\"","accept-ranges":"none","transfer-encoding":"chunked"}
[info] ✔  functions: required API cloudbuild.googleapis.com is enabled 
[debug] [2020-07-03T01:55:32.997Z] <<< HTTP RESPONSE 200 {"content-type":"application/json; charset=UTF-8","vary":"X-Origin, Referer, Origin,Accept-Encoding","date":"Fri, 03 Jul 2020 01:55:32 GMT","server":"ESF","cache-control":"private","x-xss-protection":"0","x-frame-options":"SAMEORIGIN","x-content-type-options":"nosniff","alt-svc":"h3-29=\":443\"; ma=2592000,h3-27=\":443\"; ma=2592000,h3-25=\":443\"; ma=2592000,h3-T050=\":443\"; ma=2592000,h3-Q050=\":443\"; ma=2592000,h3-Q046=\":443\"; ma=2592000,h3-Q043=\":443\"; ma=2592000,quic=\":443\"; ma=2592000; v=\"46,43\"","accept-ranges":"none","transfer-encoding":"chunked"}
[info] ✔  functions: required API cloudfunctions.googleapis.com is enabled 
[debug] [2020-07-03T01:55:32.997Z] >>> HTTP REQUEST GET https://firebase.googleapis.com/v1beta1/projects/co-learn-a05d9/adminSdkConfig  
 
[debug] [2020-07-03T01:55:33.168Z] <<< HTTP RESPONSE 200 {"content-type":"application/json; charset=UTF-8","vary":"X-Origin, Referer, Origin,Accept-Encoding","date":"Fri, 03 Jul 2020 01:55:33 GMT","server":"ESF","cache-control":"private","x-xss-protection":"0","x-frame-options":"SAMEORIGIN","x-content-type-options":"nosniff","alt-svc":"h3-29=\":443\"; ma=2592000,h3-27=\":443\"; ma=2592000,h3-25=\":443\"; ma=2592000,h3-T050=\":443\"; ma=2592000,h3-Q050=\":443\"; ma=2592000,h3-Q046=\":443\"; ma=2592000,h3-Q043=\":443\"; ma=2592000,quic=\":443\"; ma=2592000; v=\"46,43\"","accept-ranges":"none","transfer-encoding":"chunked"}
[debug] [2020-07-03T01:55:33.171Z] >>> HTTP REQUEST POST https://firebasehosting.googleapis.com/v1beta1/sites/co-learn-a05d9/versions  
 {"config":{"rewrites":[{"glob":"**","path":"/index.html"}]},"labels":{"deployment-tool":"cli-firebase"}}
[debug] [2020-07-03T01:55:34.112Z] <<< HTTP RESPONSE 200 {"content-type":"application/json; charset=UTF-8","vary":"X-Origin, Referer, Origin,Accept-Encoding","date":"Fri, 03 Jul 2020 01:55:34 GMT","server":"ESF","cache-control":"private","x-xss-protection":"0","x-frame-options":"SAMEORIGIN","x-content-type-options":"nosniff","alt-svc":"h3-29=\":443\"; ma=2592000,h3-27=\":443\"; ma=2592000,h3-25=\":443\"; ma=2592000,h3-T050=\":443\"; ma=2592000,h3-Q050=\":443\"; ma=2592000,h3-Q046=\":443\"; ma=2592000,h3-Q043=\":443\"; ma=2592000,quic=\":443\"; ma=2592000; v=\"46,43\"","accept-ranges":"none","transfer-encoding":"chunked"}
[info] i  functions: preparing functions directory for uploading... 
[debug] [2020-07-03T01:55:34.114Z] >>> HTTP REQUEST GET https://runtimeconfig.googleapis.com/v1beta1/projects/co-learn-a05d9/configs  
 
[debug] [2020-07-03T01:55:34.698Z] <<< HTTP RESPONSE 200 {"content-type":"application/json; charset=UTF-8","vary":"X-Origin, Referer, Origin,Accept-Encoding","date":"Fri, 03 Jul 2020 01:55:34 GMT","server":"ESF","cache-control":"private","x-xss-protection":"0","x-frame-options":"SAMEORIGIN","x-content-type-options":"nosniff","alt-svc":"h3-27=\":443\"; ma=2592000,h3-25=\":443\"; ma=2592000,h3-T050=\":443\"; ma=2592000,h3-Q050=\":443\"; ma=2592000,h3-Q046=\":443\"; ma=2592000,h3-Q043=\":443\"; ma=2592000,quic=\":443\"; ma=2592000; v=\"46,43\"","accept-ranges":"none","transfer-encoding":"chunked"}
[info] i  functions: packaged functions (71.41 KB) for uploading 
[debug] [2020-07-03T01:55:35.234Z] >>> HTTP REQUEST GET https://cloudfunctions.googleapis.com/v1/projects/co-learn-a05d9/locations/-/functions  
 
[debug] [2020-07-03T01:55:35.565Z] <<< HTTP RESPONSE 200 {"content-type":"application/json; charset=UTF-8","vary":"X-Origin, Referer, Origin,Accept-Encoding","date":"Fri, 03 Jul 2020 01:55:35 GMT","server":"ESF","cache-control":"private","x-xss-protection":"0","x-frame-options":"SAMEORIGIN","x-content-type-options":"nosniff","alt-svc":"h3-29=\":443\"; ma=2592000,h3-27=\":443\"; ma=2592000,h3-25=\":443\"; ma=2592000,h3-T050=\":443\"; ma=2592000,h3-Q050=\":443\"; ma=2592000,h3-Q046=\":443\"; ma=2592000,h3-Q043=\":443\"; ma=2592000,quic=\":443\"; ma=2592000; v=\"46,43\"","accept-ranges":"none","transfer-encoding":"chunked"}
[debug] [2020-07-03T01:55:35.566Z] >>> HTTP REQUEST POST https://cloudfunctions.googleapis.com/v1/projects/co-learn-a05d9/locations/us-central1/functions:generateUploadUrl  
 
[debug] [2020-07-03T01:55:36.386Z] <<< HTTP RESPONSE 200 {"content-type":"application/json; charset=UTF-8","vary":"X-Origin, Referer, Origin,Accept-Encoding","date":"Fri, 03 Jul 2020 01:55:36 GMT","server":"ESF","cache-control":"private","x-xss-protection":"0","x-frame-options":"SAMEORIGIN","x-content-type-options":"nosniff","alt-svc":"h3-29=\":443\"; ma=2592000,h3-27=\":443\"; ma=2592000,h3-25=\":443\"; ma=2592000,h3-T050=\":443\"; ma=2592000,h3-Q050=\":443\"; ma=2592000,h3-Q046=\":443\"; ma=2592000,h3-Q043=\":443\"; ma=2592000,quic=\":443\"; ma=2592000; v=\"46,43\"","accept-ranges":"none","transfer-encoding":"chunked"}
[debug] [2020-07-03T01:55:36.387Z] >>> HTTP REQUEST PUT https://storage.googleapis.com/gcf-upload-us-central1-fa783761-1e4a-4844-b566-7303d60dbd2a/58ac5456-a8bb-4243-ad72-5ed1d93a8d72.zip?GoogleAccessId=service-159948318731@gcf-admin-robot.iam.gserviceaccount.com&Expires=1593743136&Signature=tq8%2B9Vn6a3VoknRUlvRiz9MtWc4SJgh1B48UstSlCgdOfCnDnNpPfOYas0pDuaC%2BZR8xrRkb3m2MrMuaadJqWHUaNpdQvKZHty1e3aLU7imGruP78WHOSE64z3sKMhH7auURj%2B9AmfO3CvPIyPvzugi745JH%2Fa4OtMv4dzD2aV3Fd5tvCqqFhHKjfIDtrLmS77bUd83F0fDhIiUkd1PPn%2FaStBHs5RPeKoAkQP3MoRslC9vYsWmzNNcMTdiZiHoLBRydPkGTt%2BqcN6vwywCt9qwYYYUqG%2Bz1gAV5O9Wm0X9Kwrv9r010cTaI%2Fgj9RM5oHQ%2Fqr5s1NExNZ4tjk%2FrX2w%3D%3D  
 <request body omitted>
[debug] [2020-07-03T01:55:36.627Z] <<< HTTP RESPONSE 200 {"x-guploader-uploadid":"AAANsUmkiIjjhLOcWKXriAbc4c8F1EdA6W67Yg5WzIneAqEmvR5I1xSF43MGRc_sH2uJmqRtmczdQ4W8lsRZVT29CCA","etag":"\"1b4a79abd37a67d298444d20412b29b2\"","x-goog-generation":"1593741336604425","x-goog-metageneration":"1","x-goog-hash":"crc32c=v0mWnA==, md5=G0p5q9N6Z9KYRE0gQSspsg==","x-goog-stored-content-length":"73122","x-goog-stored-content-encoding":"identity","vary":"Origin","content-length":"0","date":"Fri, 03 Jul 2020 01:55:36 GMT","server":"UploadServer","content-type":"text/html; charset=UTF-8","alt-svc":"h3-29=\":443\"; ma=2592000,h3-27=\":443\"; ma=2592000,h3-25=\":443\"; ma=2592000,h3-T050=\":443\"; ma=2592000,h3-Q050=\":443\"; ma=2592000,h3-Q046=\":443\"; ma=2592000,h3-Q043=\":443\"; ma=2592000,quic=\":443\"; ma=2592000; v=\"46,43\""}
[info] ✔  functions: functions folder uploaded successfully 
[info] i  hosting[co-learn-a05d9]: beginning deploy... 
[info] i  hosting[co-learn-a05d9]: found 26 files in dist 
[debug] [2020-07-03T01:55:37.087Z] [hosting] hash cache [ZGlzdA] stored for 26 files
[debug] [2020-07-03T01:55:37.087Z] [hosting][hash queue][FINAL] {"max":449,"min":10,"avg":31.423076923076923,"active":0,"complete":26,"success":26,"errored":0,"retried":0,"total":26,"elapsed":454}
[debug] [2020-07-03T01:55:37.088Z] >>> HTTP REQUEST POST https://firebasehosting.googleapis.com/v1beta1/sites/co-learn-a05d9/versions/587542815b58acd0:populateFiles  
 <request body omitted>
[debug] [2020-07-03T01:55:37.720Z] <<< HTTP RESPONSE 200 {"content-type":"application/json; charset=UTF-8","vary":"X-Origin, Referer, Origin,Accept-Encoding","date":"Fri, 03 Jul 2020 01:55:37 GMT","server":"ESF","cache-control":"private","x-xss-protection":"0","x-frame-options":"SAMEORIGIN","x-content-type-options":"nosniff","alt-svc":"h3-29=\":443\"; ma=2592000,h3-27=\":443\"; ma=2592000,h3-25=\":443\"; ma=2592000,h3-T050=\":443\"; ma=2592000,h3-Q050=\":443\"; ma=2592000,h3-Q046=\":443\"; ma=2592000,h3-Q043=\":443\"; ma=2592000,quic=\":443\"; ma=2592000; v=\"46,43\"","accept-ranges":"none","transfer-encoding":"chunked"}
[debug] [2020-07-03T01:55:37.722Z] [hosting][populate queue][FINAL] {"max":634,"min":634,"avg":634,"active":0,"complete":1,"success":1,"errored":0,"retried":0,"total":1,"elapsed":635}
[debug] [2020-07-03T01:55:37.722Z] [hosting] uploads queued: 3
[debug] [2020-07-03T01:55:39.092Z] [hosting][upload queue][FINAL] {"max":1371,"min":1083,"avg":1179.3333333333333,"active":0,"complete":3,"success":3,"errored":0,"retried":0,"total":3,"elapsed":1371}
[info] ✔  hosting[co-learn-a05d9]: file upload complete 
[debug] [2020-07-03T01:55:39.092Z] [hosting] deploy completed after 2464ms
[info] i  database: releasing rules... 
[debug] [2020-07-03T01:55:39.104Z] >>> HTTP REQUEST PUT https://co-learn-a05d9.firebaseio.com/.settings/rules.json  
 {
  /* Visit https://firebase.google.com/docs/database/security to learn more about security rules. */
  "rules": {
    ".read": false,
    ".write": false
  }
}
[debug] [2020-07-03T01:55:39.514Z] <<< HTTP RESPONSE 200 {"server":"nginx","date":"Fri, 03 Jul 2020 01:55:39 GMT","content-type":"application/json; charset=utf-8","content-length":"15","connection":"keep-alive","access-control-allow-origin":"*","cache-control":"no-cache","strict-transport-security":"max-age=31556926; includeSubDomains; preload"}
[info] ✔  database: rules for database co-learn-a05d9 released successfully 
[info] i  functions: updating Node.js 10 function app(us-central1)... 
[debug] [2020-07-03T01:55:39.516Z] Trigger is:  {"httpsTrigger":{}}
[debug] [2020-07-03T01:55:39.517Z] >>> HTTP REQUEST GET https://serviceusage.googleapis.com/v1/projects/co-learn-a05d9/services/cloudscheduler.googleapis.com  
 
[debug] [2020-07-03T01:55:39.823Z] <<< HTTP RESPONSE 200 {"content-type":"application/json; charset=UTF-8","vary":"X-Origin, Referer, Origin,Accept-Encoding","date":"Fri, 03 Jul 2020 01:55:39 GMT","server":"ESF","cache-control":"private","x-xss-protection":"0","x-frame-options":"SAMEORIGIN","x-content-type-options":"nosniff","alt-svc":"h3-29=\":443\"; ma=2592000,h3-27=\":443\"; ma=2592000,h3-25=\":443\"; ma=2592000,h3-T050=\":443\"; ma=2592000,h3-Q050=\":443\"; ma=2592000,h3-Q046=\":443\"; ma=2592000,h3-Q043=\":443\"; ma=2592000,quic=\":443\"; ma=2592000; v=\"46,43\"","accept-ranges":"none","transfer-encoding":"chunked"}
[debug] [2020-07-03T01:55:39.824Z] >>> HTTP REQUEST PATCH https://cloudfunctions.googleapis.com/v1/projects/co-learn-a05d9/locations/us-central1/functions/app {"updateMask":"sourceUploadUrl,name,labels,runtime,environmentVariables,httpsTrigger"} 
 {"sourceUploadUrl":"https://storage.googleapis.com/gcf-upload-us-central1-fa783761-1e4a-4844-b566-7303d60dbd2a/58ac5456-a8bb-4243-ad72-5ed1d93a8d72.zip?GoogleAccessId=service-159948318731@gcf-admin-robot.iam.gserviceaccount.com&Expires=1593743136&Signature=tq8%2B9Vn6a3VoknRUlvRiz9MtWc4SJgh1B48UstSlCgdOfCnDnNpPfOYas0pDuaC%2BZR8xrRkb3m2MrMuaadJqWHUaNpdQvKZHty1e3aLU7imGruP78WHOSE64z3sKMhH7auURj%2B9AmfO3CvPIyPvzugi745JH%2Fa4OtMv4dzD2aV3Fd5tvCqqFhHKjfIDtrLmS77bUd83F0fDhIiUkd1PPn%2FaStBHs5RPeKoAkQP3MoRslC9vYsWmzNNcMTdiZiHoLBRydPkGTt%2BqcN6vwywCt9qwYYYUqG%2Bz1gAV5O9Wm0X9Kwrv9r010cTaI%2Fgj9RM5oHQ%2Fqr5s1NExNZ4tjk%2FrX2w%3D%3D","name":"projects/co-learn-a05d9/locations/us-central1/functions/app","labels":{"deployment-tool":"cli-firebase"},"httpsTrigger":{},"runtime":"nodejs10","environmentVariables":{"FIREBASE_CONFIG":"{\"projectId\":\"co-learn-a05d9\",\"databaseURL\":\"https://co-learn-a05d9.firebaseio.com\",\"storageBucket\":\"co-learn-a05d9.appspot.com\",\"locationId\":\"us-central\"}"}}
[debug] [2020-07-03T01:55:40.469Z] <<< HTTP RESPONSE 200 {"content-type":"application/json; charset=UTF-8","vary":"X-Origin, Referer, Origin,Accept-Encoding","date":"Fri, 03 Jul 2020 01:55:40 GMT","server":"ESF","cache-control":"private","x-xss-protection":"0","x-frame-options":"SAMEORIGIN","x-content-type-options":"nosniff","alt-svc":"h3-29=\":443\"; ma=2592000,h3-27=\":443\"; ma=2592000,h3-25=\":443\"; ma=2592000,h3-T050=\":443\"; ma=2592000,h3-Q050=\":443\"; ma=2592000,h3-Q046=\":443\"; ma=2592000,h3-Q043=\":443\"; ma=2592000,quic=\":443\"; ma=2592000; v=\"46,43\"","accept-ranges":"none","transfer-encoding":"chunked"}
[debug] [2020-07-03T01:55:40.470Z] >>> HTTP REQUEST GET https://cloudfunctions.googleapis.com/v1/projects/co-learn-a05d9/locations/-/functions  
 
[debug] [2020-07-03T01:55:40.785Z] <<< HTTP RESPONSE 200 {"content-type":"application/json; charset=UTF-8","vary":"X-Origin, Referer, Origin,Accept-Encoding","date":"Fri, 03 Jul 2020 01:55:40 GMT","server":"ESF","cache-control":"private","x-xss-protection":"0","x-frame-options":"SAMEORIGIN","x-content-type-options":"nosniff","alt-svc":"h3-29=\":443\"; ma=2592000,h3-27=\":443\"; ma=2592000,h3-25=\":443\"; ma=2592000,h3-T050=\":443\"; ma=2592000,h3-Q050=\":443\"; ma=2592000,h3-Q046=\":443\"; ma=2592000,h3-Q043=\":443\"; ma=2592000,quic=\":443\"; ma=2592000; v=\"46,43\"","accept-ranges":"none","transfer-encoding":"chunked"}
[debug] [2020-07-03T01:55:40.786Z] >>> HTTP REQUEST GET https://cloudfunctions.googleapis.com/v1/operations/Y28tbGVhcm4tYTA1ZDkvdXMtY2VudHJhbDEvYXBwL1hYRFZaUEVuMzdJ  
 
[debug] [2020-07-03T01:55:40.914Z] <<< HTTP RESPONSE 200 {"content-type":"application/json; charset=UTF-8","vary":"X-Origin, Referer, Origin,Accept-Encoding","date":"Fri, 03 Jul 2020 01:55:40 GMT","server":"ESF","cache-control":"private","x-xss-protection":"0","x-frame-options":"SAMEORIGIN","x-content-type-options":"nosniff","alt-svc":"h3-29=\":443\"; ma=2592000,h3-27=\":443\"; ma=2592000,h3-25=\":443\"; ma=2592000,h3-T050=\":443\"; ma=2592000,h3-Q050=\":443\"; ma=2592000,h3-Q046=\":443\"; ma=2592000,h3-Q043=\":443\"; ma=2592000,quic=\":443\"; ma=2592000; v=\"46,43\"","accept-ranges":"none","transfer-encoding":"chunked"}
[debug] [2020-07-03T01:55:42.917Z] >>> HTTP REQUEST GET https://cloudfunctions.googleapis.com/v1/operations/Y28tbGVhcm4tYTA1ZDkvdXMtY2VudHJhbDEvYXBwL1hYRFZaUEVuMzdJ  
 
[debug] [2020-07-03T01:55:43.044Z] <<< HTTP RESPONSE 200 {"content-type":"application/json; charset=UTF-8","vary":"X-Origin, Referer, Origin,Accept-Encoding","date":"Fri, 03 Jul 2020 01:55:43 GMT","server":"ESF","cache-control":"private","x-xss-protection":"0","x-frame-options":"SAMEORIGIN","x-content-type-options":"nosniff","alt-svc":"h3-29=\":443\"; ma=2592000,h3-27=\":443\"; ma=2592000,h3-25=\":443\"; ma=2592000,h3-T050=\":443\"; ma=2592000,h3-Q050=\":443\"; ma=2592000,h3-Q046=\":443\"; ma=2592000,h3-Q043=\":443\"; ma=2592000,quic=\":443\"; ma=2592000; v=\"46,43\"","accept-ranges":"none","transfer-encoding":"chunked"}
[debug] [2020-07-03T01:55:45.045Z] >>> HTTP REQUEST GET https://cloudfunctions.googleapis.com/v1/operations/Y28tbGVhcm4tYTA1ZDkvdXMtY2VudHJhbDEvYXBwL1hYRFZaUEVuMzdJ  
 
[debug] [2020-07-03T01:55:45.167Z] <<< HTTP RESPONSE 200 {"content-type":"application/json; charset=UTF-8","vary":"X-Origin, Referer, Origin,Accept-Encoding","date":"Fri, 03 Jul 2020 01:55:45 GMT","server":"ESF","cache-control":"private","x-xss-protection":"0","x-frame-options":"SAMEORIGIN","x-content-type-options":"nosniff","alt-svc":"h3-29=\":443\"; ma=2592000,h3-27=\":443\"; ma=2592000,h3-25=\":443\"; ma=2592000,h3-T050=\":443\"; ma=2592000,h3-Q050=\":443\"; ma=2592000,h3-Q046=\":443\"; ma=2592000,h3-Q043=\":443\"; ma=2592000,quic=\":443\"; ma=2592000; v=\"46,43\"","accept-ranges":"none","transfer-encoding":"chunked"}
[debug] [2020-07-03T01:55:47.171Z] >>> HTTP REQUEST GET https://cloudfunctions.googleapis.com/v1/operations/Y28tbGVhcm4tYTA1ZDkvdXMtY2VudHJhbDEvYXBwL1hYRFZaUEVuMzdJ  
 
[debug] [2020-07-03T01:55:47.317Z] <<< HTTP RESPONSE 200 {"content-type":"application/json; charset=UTF-8","vary":"X-Origin, Referer, Origin,Accept-Encoding","date":"Fri, 03 Jul 2020 01:55:47 GMT","server":"ESF","cache-control":"private","x-xss-protection":"0","x-frame-options":"SAMEORIGIN","x-content-type-options":"nosniff","alt-svc":"h3-29=\":443\"; ma=2592000,h3-27=\":443\"; ma=2592000,h3-25=\":443\"; ma=2592000,h3-T050=\":443\"; ma=2592000,h3-Q050=\":443\"; ma=2592000,h3-Q046=\":443\"; ma=2592000,h3-Q043=\":443\"; ma=2592000,quic=\":443\"; ma=2592000; v=\"46,43\"","accept-ranges":"none","transfer-encoding":"chunked"}
[debug] [2020-07-03T01:55:49.318Z] >>> HTTP REQUEST GET https://cloudfunctions.googleapis.com/v1/operations/Y28tbGVhcm4tYTA1ZDkvdXMtY2VudHJhbDEvYXBwL1hYRFZaUEVuMzdJ  
 
[debug] [2020-07-03T01:55:49.447Z] <<< HTTP RESPONSE 200 {"content-type":"application/json; charset=UTF-8","vary":"X-Origin, Referer, Origin,Accept-Encoding","date":"Fri, 03 Jul 2020 01:55:49 GMT","server":"ESF","cache-control":"private","x-xss-protection":"0","x-frame-options":"SAMEORIGIN","x-content-type-options":"nosniff","alt-svc":"h3-29=\":443\"; ma=2592000,h3-27=\":443\"; ma=2592000,h3-25=\":443\"; ma=2592000,h3-T050=\":443\"; ma=2592000,h3-Q050=\":443\"; ma=2592000,h3-Q046=\":443\"; ma=2592000,h3-Q043=\":443\"; ma=2592000,quic=\":443\"; ma=2592000; v=\"46,43\"","accept-ranges":"none","transfer-encoding":"chunked"}
[debug] [2020-07-03T01:55:51.449Z] >>> HTTP REQUEST GET https://cloudfunctions.googleapis.com/v1/operations/Y28tbGVhcm4tYTA1ZDkvdXMtY2VudHJhbDEvYXBwL1hYRFZaUEVuMzdJ  
 
[debug] [2020-07-03T01:55:51.585Z] <<< HTTP RESPONSE 200 {"content-type":"application/json; charset=UTF-8","vary":"X-Origin, Referer, Origin,Accept-Encoding","date":"Fri, 03 Jul 2020 01:55:51 GMT","server":"ESF","cache-control":"private","x-xss-protection":"0","x-frame-options":"SAMEORIGIN","x-content-type-options":"nosniff","alt-svc":"h3-29=\":443\"; ma=2592000,h3-27=\":443\"; ma=2592000,h3-25=\":443\"; ma=2592000,h3-T050=\":443\"; ma=2592000,h3-Q050=\":443\"; ma=2592000,h3-Q046=\":443\"; ma=2592000,h3-Q043=\":443\"; ma=2592000,quic=\":443\"; ma=2592000; v=\"46,43\"","accept-ranges":"none","transfer-encoding":"chunked"}
[debug] [2020-07-03T01:55:53.589Z] >>> HTTP REQUEST GET https://cloudfunctions.googleapis.com/v1/operations/Y28tbGVhcm4tYTA1ZDkvdXMtY2VudHJhbDEvYXBwL1hYRFZaUEVuMzdJ  
 
[debug] [2020-07-03T01:55:53.734Z] <<< HTTP RESPONSE 200 {"content-type":"application/json; charset=UTF-8","vary":"X-Origin, Referer, Origin,Accept-Encoding","date":"Fri, 03 Jul 2020 01:55:53 GMT","server":"ESF","cache-control":"private","x-xss-protection":"0","x-frame-options":"SAMEORIGIN","x-content-type-options":"nosniff","alt-svc":"h3-29=\":443\"; ma=2592000,h3-27=\":443\"; ma=2592000,h3-25=\":443\"; ma=2592000,h3-T050=\":443\"; ma=2592000,h3-Q050=\":443\"; ma=2592000,h3-Q046=\":443\"; ma=2592000,h3-Q043=\":443\"; ma=2592000,quic=\":443\"; ma=2592000; v=\"46,43\"","accept-ranges":"none","transfer-encoding":"chunked"}
[debug] [2020-07-03T01:55:55.738Z] >>> HTTP REQUEST GET https://cloudfunctions.googleapis.com/v1/operations/Y28tbGVhcm4tYTA1ZDkvdXMtY2VudHJhbDEvYXBwL1hYRFZaUEVuMzdJ  
 
[debug] [2020-07-03T01:55:55.890Z] <<< HTTP RESPONSE 200 {"content-type":"application/json; charset=UTF-8","vary":"X-Origin, Referer, Origin,Accept-Encoding","date":"Fri, 03 Jul 2020 01:55:55 GMT","server":"ESF","cache-control":"private","x-xss-protection":"0","x-frame-options":"SAMEORIGIN","x-content-type-options":"nosniff","alt-svc":"h3-29=\":443\"; ma=2592000,h3-27=\":443\"; ma=2592000,h3-25=\":443\"; ma=2592000,h3-T050=\":443\"; ma=2592000,h3-Q050=\":443\"; ma=2592000,h3-Q046=\":443\"; ma=2592000,h3-Q043=\":443\"; ma=2592000,quic=\":443\"; ma=2592000; v=\"46,43\"","accept-ranges":"none","transfer-encoding":"chunked"}
[debug] [2020-07-03T01:55:57.891Z] >>> HTTP REQUEST GET https://cloudfunctions.googleapis.com/v1/operations/Y28tbGVhcm4tYTA1ZDkvdXMtY2VudHJhbDEvYXBwL1hYRFZaUEVuMzdJ  
 
[debug] [2020-07-03T01:55:58.033Z] <<< HTTP RESPONSE 200 {"content-type":"application/json; charset=UTF-8","vary":"X-Origin, Referer, Origin,Accept-Encoding","date":"Fri, 03 Jul 2020 01:55:58 GMT","server":"ESF","cache-control":"private","x-xss-protection":"0","x-frame-options":"SAMEORIGIN","x-content-type-options":"nosniff","alt-svc":"h3-29=\":443\"; ma=2592000,h3-27=\":443\"; ma=2592000,h3-25=\":443\"; ma=2592000,h3-T050=\":443\"; ma=2592000,h3-Q050=\":443\"; ma=2592000,h3-Q046=\":443\"; ma=2592000,h3-Q043=\":443\"; ma=2592000,quic=\":443\"; ma=2592000; v=\"46,43\"","accept-ranges":"none","transfer-encoding":"chunked"}
[debug] [2020-07-03T01:56:00.038Z] >>> HTTP REQUEST GET https://cloudfunctions.googleapis.com/v1/operations/Y28tbGVhcm4tYTA1ZDkvdXMtY2VudHJhbDEvYXBwL1hYRFZaUEVuMzdJ  
 
[debug] [2020-07-03T01:56:00.163Z] <<< HTTP RESPONSE 200 {"content-type":"application/json; charset=UTF-8","vary":"X-Origin, Referer, Origin,Accept-Encoding","date":"Fri, 03 Jul 2020 01:56:00 GMT","server":"ESF","cache-control":"private","x-xss-protection":"0","x-frame-options":"SAMEORIGIN","x-content-type-options":"nosniff","alt-svc":"h3-29=\":443\"; ma=2592000,h3-27=\":443\"; ma=2592000,h3-25=\":443\"; ma=2592000,h3-T050=\":443\"; ma=2592000,h3-Q050=\":443\"; ma=2592000,h3-Q046=\":443\"; ma=2592000,h3-Q043=\":443\"; ma=2592000,quic=\":443\"; ma=2592000; v=\"46,43\"","accept-ranges":"none","transfer-encoding":"chunked"}
[debug] [2020-07-03T01:56:02.167Z] >>> HTTP REQUEST GET https://cloudfunctions.googleapis.com/v1/operations/Y28tbGVhcm4tYTA1ZDkvdXMtY2VudHJhbDEvYXBwL1hYRFZaUEVuMzdJ  
 
[debug] [2020-07-03T01:56:02.301Z] <<< HTTP RESPONSE 200 {"content-type":"application/json; charset=UTF-8","vary":"X-Origin, Referer, Origin,Accept-Encoding","date":"Fri, 03 Jul 2020 01:56:02 GMT","server":"ESF","cache-control":"private","x-xss-protection":"0","x-frame-options":"SAMEORIGIN","x-content-type-options":"nosniff","alt-svc":"h3-29=\":443\"; ma=2592000,h3-27=\":443\"; ma=2592000,h3-25=\":443\"; ma=2592000,h3-T050=\":443\"; ma=2592000,h3-Q050=\":443\"; ma=2592000,h3-Q046=\":443\"; ma=2592000,h3-Q043=\":443\"; ma=2592000,quic=\":443\"; ma=2592000; v=\"46,43\"","accept-ranges":"none","transfer-encoding":"chunked"}
[debug] [2020-07-03T01:56:04.306Z] >>> HTTP REQUEST GET https://cloudfunctions.googleapis.com/v1/operations/Y28tbGVhcm4tYTA1ZDkvdXMtY2VudHJhbDEvYXBwL1hYRFZaUEVuMzdJ  
 
[debug] [2020-07-03T01:56:04.422Z] <<< HTTP RESPONSE 200 {"content-type":"application/json; charset=UTF-8","vary":"X-Origin, Referer, Origin,Accept-Encoding","date":"Fri, 03 Jul 2020 01:56:04 GMT","server":"ESF","cache-control":"private","x-xss-protection":"0","x-frame-options":"SAMEORIGIN","x-content-type-options":"nosniff","alt-svc":"h3-29=\":443\"; ma=2592000,h3-27=\":443\"; ma=2592000,h3-25=\":443\"; ma=2592000,h3-T050=\":443\"; ma=2592000,h3-Q050=\":443\"; ma=2592000,h3-Q046=\":443\"; ma=2592000,h3-Q043=\":443\"; ma=2592000,quic=\":443\"; ma=2592000; v=\"46,43\"","accept-ranges":"none","transfer-encoding":"chunked"}
[debug] [2020-07-03T01:56:06.424Z] >>> HTTP REQUEST GET https://cloudfunctions.googleapis.com/v1/operations/Y28tbGVhcm4tYTA1ZDkvdXMtY2VudHJhbDEvYXBwL1hYRFZaUEVuMzdJ  
 
[debug] [2020-07-03T01:56:06.553Z] <<< HTTP RESPONSE 200 {"content-type":"application/json; charset=UTF-8","vary":"X-Origin, Referer, Origin,Accept-Encoding","date":"Fri, 03 Jul 2020 01:56:06 GMT","server":"ESF","cache-control":"private","x-xss-protection":"0","x-frame-options":"SAMEORIGIN","x-content-type-options":"nosniff","alt-svc":"h3-29=\":443\"; ma=2592000,h3-27=\":443\"; ma=2592000,h3-25=\":443\"; ma=2592000,h3-T050=\":443\"; ma=2592000,h3-Q050=\":443\"; ma=2592000,h3-Q046=\":443\"; ma=2592000,h3-Q043=\":443\"; ma=2592000,quic=\":443\"; ma=2592000; v=\"46,43\"","accept-ranges":"none","transfer-encoding":"chunked"}
[debug] [2020-07-03T01:56:08.556Z] >>> HTTP REQUEST GET https://cloudfunctions.googleapis.com/v1/operations/Y28tbGVhcm4tYTA1ZDkvdXMtY2VudHJhbDEvYXBwL1hYRFZaUEVuMzdJ  
 
[debug] [2020-07-03T01:56:08.694Z] <<< HTTP RESPONSE 200 {"content-type":"application/json; charset=UTF-8","vary":"X-Origin, Referer, Origin,Accept-Encoding","date":"Fri, 03 Jul 2020 01:56:08 GMT","server":"ESF","cache-control":"private","x-xss-protection":"0","x-frame-options":"SAMEORIGIN","x-content-type-options":"nosniff","alt-svc":"h3-29=\":443\"; ma=2592000,h3-27=\":443\"; ma=2592000,h3-25=\":443\"; ma=2592000,h3-T050=\":443\"; ma=2592000,h3-Q050=\":443\"; ma=2592000,h3-Q046=\":443\"; ma=2592000,h3-Q043=\":443\"; ma=2592000,quic=\":443\"; ma=2592000; v=\"46,43\"","accept-ranges":"none","transfer-encoding":"chunked"}
[debug] [2020-07-03T01:56:10.698Z] >>> HTTP REQUEST GET https://cloudfunctions.googleapis.com/v1/operations/Y28tbGVhcm4tYTA1ZDkvdXMtY2VudHJhbDEvYXBwL1hYRFZaUEVuMzdJ  
 
[debug] [2020-07-03T01:56:10.817Z] <<< HTTP RESPONSE 200 {"content-type":"application/json; charset=UTF-8","vary":"X-Origin, Referer, Origin,Accept-Encoding","date":"Fri, 03 Jul 2020 01:56:10 GMT","server":"ESF","cache-control":"private","x-xss-protection":"0","x-frame-options":"SAMEORIGIN","x-content-type-options":"nosniff","alt-svc":"h3-29=\":443\"; ma=2592000,h3-27=\":443\"; ma=2592000,h3-25=\":443\"; ma=2592000,h3-T050=\":443\"; ma=2592000,h3-Q050=\":443\"; ma=2592000,h3-Q046=\":443\"; ma=2592000,h3-Q043=\":443\"; ma=2592000,quic=\":443\"; ma=2592000; v=\"46,43\"","accept-ranges":"none","transfer-encoding":"chunked"}
[debug] [2020-07-03T01:56:12.821Z] >>> HTTP REQUEST GET https://cloudfunctions.googleapis.com/v1/operations/Y28tbGVhcm4tYTA1ZDkvdXMtY2VudHJhbDEvYXBwL1hYRFZaUEVuMzdJ  
 
[debug] [2020-07-03T01:56:12.951Z] <<< HTTP RESPONSE 200 {"content-type":"application/json; charset=UTF-8","vary":"X-Origin, Referer, Origin,Accept-Encoding","date":"Fri, 03 Jul 2020 01:56:12 GMT","server":"ESF","cache-control":"private","x-xss-protection":"0","x-frame-options":"SAMEORIGIN","x-content-type-options":"nosniff","alt-svc":"h3-29=\":443\"; ma=2592000,h3-27=\":443\"; ma=2592000,h3-25=\":443\"; ma=2592000,h3-T050=\":443\"; ma=2592000,h3-Q050=\":443\"; ma=2592000,h3-Q046=\":443\"; ma=2592000,h3-Q043=\":443\"; ma=2592000,quic=\":443\"; ma=2592000; v=\"46,43\"","accept-ranges":"none","transfer-encoding":"chunked"}
[debug] [2020-07-03T01:56:14.951Z] >>> HTTP REQUEST GET https://cloudfunctions.googleapis.com/v1/operations/Y28tbGVhcm4tYTA1ZDkvdXMtY2VudHJhbDEvYXBwL1hYRFZaUEVuMzdJ  
 
[debug] [2020-07-03T01:56:15.078Z] <<< HTTP RESPONSE 200 {"content-type":"application/json; charset=UTF-8","vary":"X-Origin, Referer, Origin,Accept-Encoding","date":"Fri, 03 Jul 2020 01:56:15 GMT","server":"ESF","cache-control":"private","x-xss-protection":"0","x-frame-options":"SAMEORIGIN","x-content-type-options":"nosniff","alt-svc":"h3-29=\":443\"; ma=2592000,h3-27=\":443\"; ma=2592000,h3-25=\":443\"; ma=2592000,h3-T050=\":443\"; ma=2592000,h3-Q050=\":443\"; ma=2592000,h3-Q046=\":443\"; ma=2592000,h3-Q043=\":443\"; ma=2592000,quic=\":443\"; ma=2592000; v=\"46,43\"","accept-ranges":"none","transfer-encoding":"chunked"}
[debug] [2020-07-03T01:56:17.083Z] >>> HTTP REQUEST GET https://cloudfunctions.googleapis.com/v1/operations/Y28tbGVhcm4tYTA1ZDkvdXMtY2VudHJhbDEvYXBwL1hYRFZaUEVuMzdJ  
 
[debug] [2020-07-03T01:56:17.205Z] <<< HTTP RESPONSE 200 {"content-type":"application/json; charset=UTF-8","vary":"X-Origin, Referer, Origin,Accept-Encoding","date":"Fri, 03 Jul 2020 01:56:17 GMT","server":"ESF","cache-control":"private","x-xss-protection":"0","x-frame-options":"SAMEORIGIN","x-content-type-options":"nosniff","alt-svc":"h3-29=\":443\"; ma=2592000,h3-27=\":443\"; ma=2592000,h3-25=\":443\"; ma=2592000,h3-T050=\":443\"; ma=2592000,h3-Q050=\":443\"; ma=2592000,h3-Q046=\":443\"; ma=2592000,h3-Q043=\":443\"; ma=2592000,quic=\":443\"; ma=2592000; v=\"46,43\"","accept-ranges":"none","transfer-encoding":"chunked"}
[debug] [2020-07-03T01:56:19.213Z] >>> HTTP REQUEST GET https://cloudfunctions.googleapis.com/v1/operations/Y28tbGVhcm4tYTA1ZDkvdXMtY2VudHJhbDEvYXBwL1hYRFZaUEVuMzdJ  
 
[debug] [2020-07-03T01:56:19.331Z] <<< HTTP RESPONSE 200 {"content-type":"application/json; charset=UTF-8","vary":"X-Origin, Referer, Origin,Accept-Encoding","date":"Fri, 03 Jul 2020 01:56:19 GMT","server":"ESF","cache-control":"private","x-xss-protection":"0","x-frame-options":"SAMEORIGIN","x-content-type-options":"nosniff","alt-svc":"h3-29=\":443\"; ma=2592000,h3-27=\":443\"; ma=2592000,h3-25=\":443\"; ma=2592000,h3-T050=\":443\"; ma=2592000,h3-Q050=\":443\"; ma=2592000,h3-Q046=\":443\"; ma=2592000,h3-Q043=\":443\"; ma=2592000,quic=\":443\"; ma=2592000; v=\"46,43\"","accept-ranges":"none","transfer-encoding":"chunked"}
[debug] [2020-07-03T01:56:21.336Z] >>> HTTP REQUEST GET https://cloudfunctions.googleapis.com/v1/operations/Y28tbGVhcm4tYTA1ZDkvdXMtY2VudHJhbDEvYXBwL1hYRFZaUEVuMzdJ  
 
[debug] [2020-07-03T01:56:21.464Z] <<< HTTP RESPONSE 200 {"content-type":"application/json; charset=UTF-8","vary":"X-Origin, Referer, Origin,Accept-Encoding","date":"Fri, 03 Jul 2020 01:56:21 GMT","server":"ESF","cache-control":"private","x-xss-protection":"0","x-frame-options":"SAMEORIGIN","x-content-type-options":"nosniff","alt-svc":"h3-29=\":443\"; ma=2592000,h3-27=\":443\"; ma=2592000,h3-25=\":443\"; ma=2592000,h3-T050=\":443\"; ma=2592000,h3-Q050=\":443\"; ma=2592000,h3-Q046=\":443\"; ma=2592000,h3-Q043=\":443\"; ma=2592000,quic=\":443\"; ma=2592000; v=\"46,43\"","accept-ranges":"none","transfer-encoding":"chunked"}
[debug] [2020-07-03T01:56:23.464Z] >>> HTTP REQUEST GET https://cloudfunctions.googleapis.com/v1/operations/Y28tbGVhcm4tYTA1ZDkvdXMtY2VudHJhbDEvYXBwL1hYRFZaUEVuMzdJ  
 
[debug] [2020-07-03T01:56:23.646Z] <<< HTTP RESPONSE 200 {"content-type":"application/json; charset=UTF-8","vary":"X-Origin, Referer, Origin,Accept-Encoding","date":"Fri, 03 Jul 2020 01:56:23 GMT","server":"ESF","cache-control":"private","x-xss-protection":"0","x-frame-options":"SAMEORIGIN","x-content-type-options":"nosniff","alt-svc":"h3-29=\":443\"; ma=2592000,h3-27=\":443\"; ma=2592000,h3-25=\":443\"; ma=2592000,h3-T050=\":443\"; ma=2592000,h3-Q050=\":443\"; ma=2592000,h3-Q046=\":443\"; ma=2592000,h3-Q043=\":443\"; ma=2592000,quic=\":443\"; ma=2592000; v=\"46,43\"","accept-ranges":"none","transfer-encoding":"chunked"}
[debug] [2020-07-03T01:56:25.650Z] >>> HTTP REQUEST GET https://cloudfunctions.googleapis.com/v1/operations/Y28tbGVhcm4tYTA1ZDkvdXMtY2VudHJhbDEvYXBwL1hYRFZaUEVuMzdJ  
 
[debug] [2020-07-03T01:56:25.785Z] <<< HTTP RESPONSE 200 {"content-type":"application/json; charset=UTF-8","vary":"X-Origin, Referer, Origin,Accept-Encoding","date":"Fri, 03 Jul 2020 01:56:25 GMT","server":"ESF","cache-control":"private","x-xss-protection":"0","x-frame-options":"SAMEORIGIN","x-content-type-options":"nosniff","alt-svc":"h3-29=\":443\"; ma=2592000,h3-27=\":443\"; ma=2592000,h3-25=\":443\"; ma=2592000,h3-T050=\":443\"; ma=2592000,h3-Q050=\":443\"; ma=2592000,h3-Q046=\":443\"; ma=2592000,h3-Q043=\":443\"; ma=2592000,quic=\":443\"; ma=2592000; v=\"46,43\"","accept-ranges":"none","transfer-encoding":"chunked"}
[debug] [2020-07-03T01:56:27.790Z] >>> HTTP REQUEST GET https://cloudfunctions.googleapis.com/v1/operations/Y28tbGVhcm4tYTA1ZDkvdXMtY2VudHJhbDEvYXBwL1hYRFZaUEVuMzdJ  
 
[debug] [2020-07-03T01:56:27.932Z] <<< HTTP RESPONSE 200 {"content-type":"application/json; charset=UTF-8","vary":"X-Origin, Referer, Origin,Accept-Encoding","date":"Fri, 03 Jul 2020 01:56:27 GMT","server":"ESF","cache-control":"private","x-xss-protection":"0","x-frame-options":"SAMEORIGIN","x-content-type-options":"nosniff","alt-svc":"h3-29=\":443\"; ma=2592000,h3-27=\":443\"; ma=2592000,h3-25=\":443\"; ma=2592000,h3-T050=\":443\"; ma=2592000,h3-Q050=\":443\"; ma=2592000,h3-Q046=\":443\"; ma=2592000,h3-Q043=\":443\"; ma=2592000,quic=\":443\"; ma=2592000; v=\"46,43\"","accept-ranges":"none","transfer-encoding":"chunked"}
[debug] [2020-07-03T01:56:29.932Z] >>> HTTP REQUEST GET https://cloudfunctions.googleapis.com/v1/operations/Y28tbGVhcm4tYTA1ZDkvdXMtY2VudHJhbDEvYXBwL1hYRFZaUEVuMzdJ  
 
[debug] [2020-07-03T01:56:30.054Z] <<< HTTP RESPONSE 200 {"content-type":"application/json; charset=UTF-8","vary":"X-Origin, Referer, Origin,Accept-Encoding","date":"Fri, 03 Jul 2020 01:56:30 GMT","server":"ESF","cache-control":"private","x-xss-protection":"0","x-frame-options":"SAMEORIGIN","x-content-type-options":"nosniff","alt-svc":"h3-29=\":443\"; ma=2592000,h3-27=\":443\"; ma=2592000,h3-25=\":443\"; ma=2592000,h3-T050=\":443\"; ma=2592000,h3-Q050=\":443\"; ma=2592000,h3-Q046=\":443\"; ma=2592000,h3-Q043=\":443\"; ma=2592000,quic=\":443\"; ma=2592000; v=\"46,43\"","accept-ranges":"none","transfer-encoding":"chunked"}
[debug] [2020-07-03T01:56:32.060Z] >>> HTTP REQUEST GET https://cloudfunctions.googleapis.com/v1/operations/Y28tbGVhcm4tYTA1ZDkvdXMtY2VudHJhbDEvYXBwL1hYRFZaUEVuMzdJ  
 
[debug] [2020-07-03T01:56:32.188Z] <<< HTTP RESPONSE 200 {"content-type":"application/json; charset=UTF-8","vary":"X-Origin, Referer, Origin,Accept-Encoding","date":"Fri, 03 Jul 2020 01:56:32 GMT","server":"ESF","cache-control":"private","x-xss-protection":"0","x-frame-options":"SAMEORIGIN","x-content-type-options":"nosniff","alt-svc":"h3-29=\":443\"; ma=2592000,h3-27=\":443\"; ma=2592000,h3-25=\":443\"; ma=2592000,h3-T050=\":443\"; ma=2592000,h3-Q050=\":443\"; ma=2592000,h3-Q046=\":443\"; ma=2592000,h3-Q043=\":443\"; ma=2592000,quic=\":443\"; ma=2592000; v=\"46,43\"","accept-ranges":"none","transfer-encoding":"chunked"}
[debug] [2020-07-03T01:56:34.191Z] >>> HTTP REQUEST GET https://cloudfunctions.googleapis.com/v1/operations/Y28tbGVhcm4tYTA1ZDkvdXMtY2VudHJhbDEvYXBwL1hYRFZaUEVuMzdJ  
 
[debug] [2020-07-03T01:56:34.318Z] <<< HTTP RESPONSE 200 {"content-type":"application/json; charset=UTF-8","vary":"X-Origin, Referer, Origin,Accept-Encoding","date":"Fri, 03 Jul 2020 01:56:34 GMT","server":"ESF","cache-control":"private","x-xss-protection":"0","x-frame-options":"SAMEORIGIN","x-content-type-options":"nosniff","alt-svc":"h3-29=\":443\"; ma=2592000,h3-27=\":443\"; ma=2592000,h3-25=\":443\"; ma=2592000,h3-T050=\":443\"; ma=2592000,h3-Q050=\":443\"; ma=2592000,h3-Q046=\":443\"; ma=2592000,h3-Q043=\":443\"; ma=2592000,quic=\":443\"; ma=2592000; v=\"46,43\"","accept-ranges":"none","transfer-encoding":"chunked"}
